---
  0 debug pnpm:progress: 
    status: "installing"
    pkg: 
      rawSpec: ""
      name: "jsonwebtoken-refresh"
  1 debug pnpm:progress: 
    status: "resolving"
    pkg: 
      rawSpec: ""
      name: "jsonwebtoken-refresh"
  2 debug pnpm:registry: "http request uri http://registry.npmjs.org/jsonwebtoken-refresh"
  3 debug pnpm:registry: "http request no auth needed"
  4 info pnpm:registry: "attempt registry request try #1 at 11:11:12"
  5 debug pnpm:registry: "http request id 045bf9d4bf947f66"
  6 debug pnpm:registry: "http request GET http://registry.npmjs.org/jsonwebtoken-refresh"
  7 debug pnpm:registry: "http 200 http://registry.npmjs.org/jsonwebtoken-refresh"
  8 debug pnpm:registry: "http headers { server: 'nginx/1.10.1',\n  'last-modified': 'Tue, 07 Jun 2016 10:20:17 GMT',\n  etag: 'W/\"57569fe1-243\"',\n  'content-encoding': 'gzip',\n  'content-type': 'application/vnd.npm.install-v1+json',\n  'cache-control': 'max-age=300',\n  'content-length': '351',\n  'accept-ranges': 'bytes',\n  date: 'Sun, 01 Oct 2017 07:41:13 GMT',\n  via: '1.1 varnish',\n  age: '0',\n  connection: 'keep-alive',\n  'x-served-by': 'cache-jfk8136-JFK',\n  'x-cache': 'MISS',\n  'x-cache-hits': '0',\n  'x-timer': 'S1506843673.057488,VS0,VE354',\n  vary: 'Accept-Encoding, Accept' }"
  9 debug pnpm:progress: 
    status: "resolved"
    pkgId: "registry.npmjs.org/jsonwebtoken-refresh/5.7.0"
    pkg: 
      rawSpec: ""
      name: "jsonwebtoken-refresh"
  10 debug pnpm:progress: 
    status: "resolving_content"
    pkgId: "registry.npmjs.org/jsonwebtoken-refresh/5.7.0"
  11 debug pnpm:progress: 
    status: "downloaded_manifest"
    pkgId: "registry.npmjs.org/jsonwebtoken-refresh/5.7.0"
    pkgVersion: "5.7.0"
  12 debug pnpm:progress: 
    status: "installing"
    pkg: 
      rawSpec: "^3.0.0"
      name: "jws"
      dependentId: "registry.npmjs.org/jsonwebtoken-refresh/5.7.0"
  13 debug pnpm:progress: 
    status: "resolving"
    pkg: 
      rawSpec: "^3.0.0"
      name: "jws"
      dependentId: "registry.npmjs.org/jsonwebtoken-refresh/5.7.0"
  14 debug pnpm:registry: "http request uri http://registry.npmjs.org/jws"
  15 debug pnpm:registry: "http request no auth needed"
  16 info pnpm:registry: "attempt registry request try #1 at 11:11:13"
  17 debug pnpm:registry: "http request GET http://registry.npmjs.org/jws"
  18 debug pnpm:progress: 
    status: "installing"
    pkg: 
      rawSpec: "^0.7.1"
      name: "ms"
      dependentId: "registry.npmjs.org/jsonwebtoken-refresh/5.7.0"
  19 debug pnpm:progress: 
    status: "resolving"
    pkg: 
      rawSpec: "^0.7.1"
      name: "ms"
      dependentId: "registry.npmjs.org/jsonwebtoken-refresh/5.7.0"
  20 debug pnpm:registry: "http request uri http://registry.npmjs.org/ms"
  21 debug pnpm:registry: "http request no auth needed"
  22 info pnpm:registry: "attempt registry request try #1 at 11:11:13"
  23 debug pnpm:registry: "http request GET http://registry.npmjs.org/ms"
  24 debug pnpm:progress: 
    status: "installing"
    pkg: 
      rawSpec: "^4.0.1"
      name: "xtend"
      dependentId: "registry.npmjs.org/jsonwebtoken-refresh/5.7.0"
  25 debug pnpm:progress: 
    status: "resolving"
    pkg: 
      rawSpec: "^4.0.1"
      name: "xtend"
      dependentId: "registry.npmjs.org/jsonwebtoken-refresh/5.7.0"
  26 debug pnpm:registry: "http request uri http://registry.npmjs.org/xtend"
  27 debug pnpm:registry: "http request no auth needed"
  28 info pnpm:registry: "attempt registry request try #1 at 11:11:13"
  29 debug pnpm:registry: "http request GET http://registry.npmjs.org/xtend"
  30 info pnpm:registry: "attempt registry request try #1 at 11:11:13"
  31 debug pnpm:registry: "http fetch GET https://registry.npmjs.org/jsonwebtoken-refresh/-/jsonwebtoken-refresh-5.7.0.tgz"
  32 debug pnpm:registry: "http 200 http://registry.npmjs.org/jws"
  33 debug pnpm:registry: "http headers { server: 'nginx/1.10.1',\n  'last-modified': 'Mon, 25 Sep 2017 23:31:02 GMT',\n  etag: 'W/\"59c991b6-18b9\"',\n  'content-encoding': 'gzip',\n  'content-type': 'application/vnd.npm.install-v1+json',\n  'cache-control': 'max-age=300',\n  'content-length': '1056',\n  'accept-ranges': 'bytes',\n  date: 'Sun, 01 Oct 2017 07:41:13 GMT',\n  via: '1.1 varnish',\n  age: '0',\n  connection: 'keep-alive',\n  'x-served-by': 'cache-jfk8136-JFK',\n  'x-cache': 'MISS',\n  'x-cache-hits': '0',\n  'x-timer': 'S1506843674.692573,VS0,VE164',\n  vary: 'Accept-Encoding, Accept' }"
  34 debug pnpm:progress: 
    status: "resolved"
    pkgId: "registry.npmjs.org/jws/3.1.4"
    pkg: 
      rawSpec: "^3.0.0"
      name: "jws"
      dependentId: "registry.npmjs.org/jsonwebtoken-refresh/5.7.0"
  35 debug pnpm:progress: 
    status: "resolving_content"
    pkgId: "registry.npmjs.org/jws/3.1.4"
  36 debug pnpm:progress: 
    status: "downloaded_manifest"
    pkgId: "registry.npmjs.org/jws/3.1.4"
    pkgVersion: "3.1.4"
  37 debug pnpm:progress: 
    status: "installing"
    pkg: 
      rawSpec: "^2.0.0"
      name: "base64url"
      dependentId: "registry.npmjs.org/jws/3.1.4"
  38 debug pnpm:progress: 
    status: "resolving"
    pkg: 
      rawSpec: "^2.0.0"
      name: "base64url"
      dependentId: "registry.npmjs.org/jws/3.1.4"
  39 debug pnpm:registry: "http request uri http://registry.npmjs.org/base64url"
  40 debug pnpm:registry: "http request no auth needed"
  41 info pnpm:registry: "attempt registry request try #1 at 11:11:13"
  42 debug pnpm:registry: "http request GET http://registry.npmjs.org/base64url"
  43 debug pnpm:progress: 
    status: "installing"
    pkg: 
      rawSpec: "^1.1.4"
      name: "jwa"
      dependentId: "registry.npmjs.org/jws/3.1.4"
  44 debug pnpm:progress: 
    status: "resolving"
    pkg: 
      rawSpec: "^1.1.4"
      name: "jwa"
      dependentId: "registry.npmjs.org/jws/3.1.4"
  45 debug pnpm:registry: "http request uri http://registry.npmjs.org/jwa"
  46 debug pnpm:registry: "http request no auth needed"
  47 info pnpm:registry: "attempt registry request try #1 at 11:11:13"
  48 debug pnpm:registry: "http request GET http://registry.npmjs.org/jwa"
  49 debug pnpm:progress: 
    status: "installing"
    pkg: 
      rawSpec: "^5.0.1"
      name: "safe-buffer"
      dependentId: "registry.npmjs.org/jws/3.1.4"
  50 debug pnpm:progress: 
    status: "resolving"
    pkg: 
      rawSpec: "^5.0.1"
      name: "safe-buffer"
      dependentId: "registry.npmjs.org/jws/3.1.4"
  51 debug pnpm:registry: "http request uri http://registry.npmjs.org/safe-buffer"
  52 debug pnpm:registry: "http request no auth needed"
  53 info pnpm:registry: "attempt registry request try #1 at 11:11:13"
  54 debug pnpm:registry: "http request GET http://registry.npmjs.org/safe-buffer"
  55 info pnpm:registry: "attempt registry request try #1 at 11:11:13"
  56 debug pnpm:registry: "http fetch GET https://registry.npmjs.org/jws/-/jws-3.1.4.tgz"
  57 debug pnpm:registry: "http 200 http://registry.npmjs.org/base64url"
  58 debug pnpm:registry: "http headers { server: 'nginx/1.10.1',\n  'last-modified': 'Wed, 13 Sep 2017 04:10:22 GMT',\n  etag: 'W/\"59b8afae-14fe\"',\n  'content-encoding': 'gzip',\n  'content-type': 'application/vnd.npm.install-v1+json',\n  'cache-control': 'max-age=300',\n  'content-length': '978',\n  'accept-ranges': 'bytes',\n  date: 'Sun, 01 Oct 2017 07:41:14 GMT',\n  via: '1.1 varnish',\n  age: '24',\n  connection: 'keep-alive',\n  'x-served-by': 'cache-jfk8136-JFK',\n  'x-cache': 'HIT',\n  'x-cache-hits': '1',\n  'x-timer': 'S1506843674.072477,VS0,VE0',\n  vary: 'Accept-Encoding, Accept' }"
  59 debug pnpm:progress: 
    status: "resolved"
    pkgId: "registry.npmjs.org/base64url/2.0.0"
    pkg: 
      rawSpec: "^2.0.0"
      name: "base64url"
      dependentId: "registry.npmjs.org/jws/3.1.4"
  60 debug pnpm:progress: 
    status: "resolving_content"
    pkgId: "registry.npmjs.org/base64url/2.0.0"
  61 debug pnpm:progress: 
    status: "downloaded_manifest"
    pkgId: "registry.npmjs.org/base64url/2.0.0"
    pkgVersion: "2.0.0"
  62 debug pnpm:progress: 
    status: "dependencies_installed"
    pkgId: "registry.npmjs.org/base64url/2.0.0"
  63 info pnpm:registry: "attempt registry request try #1 at 11:11:14"
  64 debug pnpm:registry: "http fetch GET https://registry.npmjs.org/base64url/-/base64url-2.0.0.tgz"
  65 debug pnpm:registry: "http 200 http://registry.npmjs.org/xtend"
  66 debug pnpm:registry: "http headers { server: 'nginx/1.10.1',\n  'last-modified': 'Sun, 18 Jun 2017 01:35:26 GMT',\n  etag: 'W/\"5945d8de-1305\"',\n  'content-encoding': 'gzip',\n  'content-type': 'application/vnd.npm.install-v1+json',\n  'cache-control': 'max-age=300',\n  'content-length': '909',\n  'accept-ranges': 'bytes',\n  date: 'Sun, 01 Oct 2017 07:41:14 GMT',\n  via: '1.1 varnish',\n  age: '52',\n  connection: 'keep-alive',\n  'x-served-by': 'cache-jfk8130-JFK',\n  'x-cache': 'HIT',\n  'x-cache-hits': '1',\n  'x-timer': 'S1506843674.087271,VS0,VE0',\n  vary: 'Accept-Encoding, Accept' }"
  67 debug pnpm:progress: 
    status: "resolved"
    pkgId: "registry.npmjs.org/xtend/4.0.1"
    pkg: 
      rawSpec: "^4.0.1"
      name: "xtend"
      dependentId: "registry.npmjs.org/jsonwebtoken-refresh/5.7.0"
  68 debug pnpm:progress: 
    status: "resolving_content"
    pkgId: "registry.npmjs.org/xtend/4.0.1"
  69 debug pnpm:progress: 
    status: "downloaded_manifest"
    pkgId: "registry.npmjs.org/xtend/4.0.1"
    pkgVersion: "4.0.1"
  70 debug pnpm:progress: 
    status: "dependencies_installed"
    pkgId: "registry.npmjs.org/xtend/4.0.1"
  71 debug pnpm:registry: "http 200 http://registry.npmjs.org/ms"
  72 debug pnpm:registry: "http headers { server: 'nginx/1.10.1',\n  'last-modified': 'Fri, 29 Sep 2017 08:41:50 GMT',\n  etag: 'W/\"59ce074e-1048\"',\n  'content-encoding': 'gzip',\n  'content-type': 'application/vnd.npm.install-v1+json',\n  'cache-control': 'max-age=300',\n  'content-length': '908',\n  'accept-ranges': 'bytes',\n  date: 'Sun, 01 Oct 2017 07:41:14 GMT',\n  via: '1.1 varnish',\n  age: '29',\n  connection: 'keep-alive',\n  'x-served-by': 'cache-jfk8143-JFK',\n  'x-cache': 'HIT',\n  'x-cache-hits': '1',\n  'x-timer': 'S1506843674.087255,VS0,VE0',\n  vary: 'Accept-Encoding, Accept' }"
  73 debug pnpm:progress: 
    status: "resolved"
    pkgId: "registry.npmjs.org/ms/0.7.3"
    pkg: 
      rawSpec: "^0.7.1"
      name: "ms"
      dependentId: "registry.npmjs.org/jsonwebtoken-refresh/5.7.0"
  74 debug pnpm:progress: 
    status: "resolving_content"
    pkgId: "registry.npmjs.org/ms/0.7.3"
  75 debug pnpm:progress: 
    status: "downloaded_manifest"
    pkgId: "registry.npmjs.org/ms/0.7.3"
    pkgVersion: "0.7.3"
  76 debug pnpm:progress: 
    status: "dependencies_installed"
    pkgId: "registry.npmjs.org/ms/0.7.3"
  77 info pnpm:registry: "attempt registry request try #1 at 11:11:14"
  78 debug pnpm:registry: "http fetch GET https://registry.npmjs.org/ms/-/ms-0.7.3.tgz"
  79 debug pnpm:progress: 
    status: "found_in_store"
    pkgId: "registry.npmjs.org/xtend/4.0.1"
  80 debug pnpm:registry: "http 200 http://registry.npmjs.org/jwa"
  81 debug pnpm:registry: "http headers { server: 'nginx/1.10.1',\n  'last-modified': 'Mon, 25 Sep 2017 23:30:56 GMT',\n  etag: 'W/\"59c991b0-11f7\"',\n  'content-encoding': 'gzip',\n  'content-type': 'application/vnd.npm.install-v1+json',\n  'cache-control': 'max-age=300',\n  'content-length': '843',\n  'accept-ranges': 'bytes',\n  date: 'Sun, 01 Oct 2017 07:41:14 GMT',\n  via: '1.1 varnish',\n  age: '24',\n  connection: 'keep-alive',\n  'x-served-by': 'cache-jfk8134-JFK',\n  'x-cache': 'HIT',\n  'x-cache-hits': '1',\n  'x-timer': 'S1506843674.487299,VS0,VE0',\n  vary: 'Accept-Encoding, Accept' }"
  82 debug pnpm:progress: 
    status: "resolved"
    pkgId: "registry.npmjs.org/jwa/1.1.5"
    pkg: 
      rawSpec: "^1.1.4"
      name: "jwa"
      dependentId: "registry.npmjs.org/jws/3.1.4"
  83 debug pnpm:progress: 
    status: "resolving_content"
    pkgId: "registry.npmjs.org/jwa/1.1.5"
  84 debug pnpm:progress: 
    status: "downloaded_manifest"
    pkgId: "registry.npmjs.org/jwa/1.1.5"
    pkgVersion: "1.1.5"
  85 debug pnpm:progress: 
    status: "installing"
    pkg: 
      rawSpec: "2.0.0"
      name: "base64url"
      dependentId: "registry.npmjs.org/jwa/1.1.5"
  86 debug pnpm:progress: 
    status: "resolving"
    pkg: 
      rawSpec: "2.0.0"
      name: "base64url"
      dependentId: "registry.npmjs.org/jwa/1.1.5"
  87 debug pnpm:progress: 
    status: "installing"
    pkg: 
      rawSpec: "1.0.1"
      name: "buffer-equal-constant-time"
      dependentId: "registry.npmjs.org/jwa/1.1.5"
  88 debug pnpm:progress: 
    status: "resolving"
    pkg: 
      rawSpec: "1.0.1"
      name: "buffer-equal-constant-time"
      dependentId: "registry.npmjs.org/jwa/1.1.5"
  89 debug pnpm:progress: 
    status: "installing"
    pkg: 
      rawSpec: "1.0.9"
      name: "ecdsa-sig-formatter"
      dependentId: "registry.npmjs.org/jwa/1.1.5"
  90 debug pnpm:progress: 
    status: "resolving"
    pkg: 
      rawSpec: "1.0.9"
      name: "ecdsa-sig-formatter"
      dependentId: "registry.npmjs.org/jwa/1.1.5"
  91 debug pnpm:progress: 
    status: "installing"
    pkg: 
      rawSpec: "^5.0.1"
      name: "safe-buffer"
      dependentId: "registry.npmjs.org/jwa/1.1.5"
  92 debug pnpm:progress: 
    status: "resolving"
    pkg: 
      rawSpec: "^5.0.1"
      name: "safe-buffer"
      dependentId: "registry.npmjs.org/jwa/1.1.5"
  93 debug pnpm:registry: "http request uri http://registry.npmjs.org/safe-buffer"
  94 debug pnpm:registry: "http request no auth needed"
  95 info pnpm:registry: "attempt registry request try #1 at 11:11:14"
  96 debug pnpm:registry: "http request GET http://registry.npmjs.org/safe-buffer"
  97 debug pnpm:progress: 
    status: "resolved"
    pkgId: "registry.npmjs.org/base64url/2.0.0"
    pkg: 
      rawSpec: "2.0.0"
      name: "base64url"
      dependentId: "registry.npmjs.org/jwa/1.1.5"
  98 debug pnpm:progress: 
    status: "downloaded_manifest"
    pkgId: "registry.npmjs.org/base64url/2.0.0"
    pkgVersion: "2.0.0"
  99 debug pnpm:progress: 
    status: "dependencies_installed"
    pkgId: "registry.npmjs.org/base64url/2.0.0"
  100 debug pnpm:registry: "http request uri http://registry.npmjs.org/buffer-equal-constant-time"
  101 debug pnpm:registry: "http request no auth needed"
  102 info pnpm:registry: "attempt registry request try #1 at 11:11:14"
  103 debug pnpm:registry: "http request GET http://registry.npmjs.org/buffer-equal-constant-time"
  104 debug pnpm:registry: "http request uri http://registry.npmjs.org/ecdsa-sig-formatter"
  105 debug pnpm:registry: "http request no auth needed"
  106 info pnpm:registry: "attempt registry request try #1 at 11:11:14"
  107 debug pnpm:registry: "http request GET http://registry.npmjs.org/ecdsa-sig-formatter"
  108 info pnpm:registry: "attempt registry request try #1 at 11:11:14"
  109 debug pnpm:registry: "http fetch GET https://registry.npmjs.org/jwa/-/jwa-1.1.5.tgz"
  110 debug pnpm:registry: "http 200 http://registry.npmjs.org/safe-buffer"
  111 debug pnpm:registry: "http headers { server: 'nginx/1.10.1',\n  'last-modified': 'Wed, 21 Jun 2017 20:19:28 GMT',\n  etag: 'W/\"594ad4d0-aca\"',\n  'content-encoding': 'gzip',\n  'content-type': 'application/vnd.npm.install-v1+json',\n  'cache-control': 'max-age=300',\n  'content-length': '748',\n  'accept-ranges': 'bytes',\n  date: 'Sun, 01 Oct 2017 07:41:14 GMT',\n  via: '1.1 varnish',\n  age: '240',\n  connection: 'keep-alive',\n  'x-served-by': 'cache-jfk8147-JFK',\n  'x-cache': 'HIT',\n  'x-cache-hits': '1',\n  'x-timer': 'S1506843675.507061,VS0,VE0',\n  vary: 'Accept-Encoding, Accept' }"
  112 debug pnpm:progress: 
    status: "resolved"
    pkgId: "registry.npmjs.org/safe-buffer/5.1.1"
    pkg: 
      rawSpec: "^5.0.1"
      name: "safe-buffer"
      dependentId: "registry.npmjs.org/jws/3.1.4"
  113 debug pnpm:progress: 
    status: "resolving_content"
    pkgId: "registry.npmjs.org/safe-buffer/5.1.1"
  114 debug pnpm:progress: 
    status: "downloaded_manifest"
    pkgId: "registry.npmjs.org/safe-buffer/5.1.1"
    pkgVersion: "5.1.1"
  115 debug pnpm:progress: 
    status: "dependencies_installed"
    pkgId: "registry.npmjs.org/safe-buffer/5.1.1"
  116 debug pnpm:progress: 
    status: "found_in_store"
    pkgId: "registry.npmjs.org/safe-buffer/5.1.1"
  117 debug pnpm:registry: "http 200 http://registry.npmjs.org/buffer-equal-constant-time"
  118 debug pnpm:registry: "http headers { server: 'nginx/1.10.1',\n  'last-modified': 'Fri, 11 Nov 2016 09:38:25 GMT',\n  etag: 'W/\"58259191-2df\"',\n  'content-encoding': 'gzip',\n  'content-type': 'application/vnd.npm.install-v1+json',\n  'cache-control': 'max-age=300',\n  'content-length': '315',\n  'accept-ranges': 'bytes',\n  date: 'Sun, 01 Oct 2017 07:41:14 GMT',\n  via: '1.1 varnish',\n  age: '24',\n  connection: 'keep-alive',\n  'x-served-by': 'cache-jfk8130-JFK',\n  'x-cache': 'HIT',\n  'x-cache-hits': '1',\n  'x-timer': 'S1506843675.697481,VS0,VE0',\n  vary: 'Accept-Encoding, Accept' }"
  119 debug pnpm:progress: 
    status: "resolved"
    pkgId: "registry.npmjs.org/buffer-equal-constant-time/1.0.1"
    pkg: 
      rawSpec: "1.0.1"
      name: "buffer-equal-constant-time"
      dependentId: "registry.npmjs.org/jwa/1.1.5"
  120 debug pnpm:progress: 
    status: "resolving_content"
    pkgId: "registry.npmjs.org/buffer-equal-constant-time/1.0.1"
  121 debug pnpm:progress: 
    status: "downloaded_manifest"
    pkgId: "registry.npmjs.org/buffer-equal-constant-time/1.0.1"
    pkgVersion: "1.0.1"
  122 debug pnpm:progress: 
    status: "dependencies_installed"
    pkgId: "registry.npmjs.org/buffer-equal-constant-time/1.0.1"
  123 debug pnpm:registry: "http 200 http://registry.npmjs.org/safe-buffer"
  124 debug pnpm:registry: "http headers { server: 'nginx/1.10.1',\n  'last-modified': 'Wed, 21 Jun 2017 20:19:28 GMT',\n  etag: 'W/\"594ad4d0-aca\"',\n  'content-encoding': 'gzip',\n  'content-type': 'application/vnd.npm.install-v1+json',\n  'cache-control': 'max-age=300',\n  'content-length': '748',\n  'accept-ranges': 'bytes',\n  date: 'Sun, 01 Oct 2017 07:41:14 GMT',\n  via: '1.1 varnish',\n  age: '241',\n  connection: 'keep-alive',\n  'x-served-by': 'cache-jfk8136-JFK',\n  'x-cache': 'HIT',\n  'x-cache-hits': '1',\n  'x-timer': 'S1506843675.697491,VS0,VE0',\n  vary: 'Accept-Encoding, Accept' }"
  125 debug pnpm:progress: 
    status: "resolved"
    pkgId: "registry.npmjs.org/safe-buffer/5.1.1"
    pkg: 
      rawSpec: "^5.0.1"
      name: "safe-buffer"
      dependentId: "registry.npmjs.org/jwa/1.1.5"
  126 debug pnpm:progress: 
    status: "downloaded_manifest"
    pkgId: "registry.npmjs.org/safe-buffer/5.1.1"
    pkgVersion: "5.1.1"
  127 debug pnpm:progress: 
    status: "dependencies_installed"
    pkgId: "registry.npmjs.org/safe-buffer/5.1.1"
  128 debug pnpm:registry: "http 200 http://registry.npmjs.org/ecdsa-sig-formatter"
  129 debug pnpm:registry: "http headers { server: 'nginx/1.10.1',\n  'last-modified': 'Mon, 05 Dec 2016 15:40:24 GMT',\n  etag: 'W/\"58458a68-f21\"',\n  'content-encoding': 'gzip',\n  'content-type': 'application/vnd.npm.install-v1+json',\n  'cache-control': 'max-age=300',\n  'content-length': '748',\n  'accept-ranges': 'bytes',\n  date: 'Sun, 01 Oct 2017 07:41:14 GMT',\n  via: '1.1 varnish',\n  age: '24',\n  connection: 'keep-alive',\n  'x-served-by': 'cache-jfk8143-JFK',\n  'x-cache': 'HIT',\n  'x-cache-hits': '1',\n  'x-timer': 'S1506843675.697683,VS0,VE0',\n  vary: 'Accept-Encoding, Accept' }"
  130 debug pnpm:progress: 
    status: "resolved"
    pkgId: "registry.npmjs.org/ecdsa-sig-formatter/1.0.9"
    pkg: 
      rawSpec: "1.0.9"
      name: "ecdsa-sig-formatter"
      dependentId: "registry.npmjs.org/jwa/1.1.5"
  131 debug pnpm:progress: 
    status: "resolving_content"
    pkgId: "registry.npmjs.org/ecdsa-sig-formatter/1.0.9"
  132 debug pnpm:progress: 
    status: "downloaded_manifest"
    pkgId: "registry.npmjs.org/ecdsa-sig-formatter/1.0.9"
    pkgVersion: "1.0.9"
  133 debug pnpm:progress: 
    status: "installing"
    pkg: 
      rawSpec: "^2.0.0"
      name: "base64url"
      dependentId: "registry.npmjs.org/ecdsa-sig-formatter/1.0.9"
  134 debug pnpm:progress: 
    status: "resolving"
    pkg: 
      rawSpec: "^2.0.0"
      name: "base64url"
      dependentId: "registry.npmjs.org/ecdsa-sig-formatter/1.0.9"
  135 debug pnpm:progress: 
    status: "installing"
    pkg: 
      rawSpec: "^5.0.1"
      name: "safe-buffer"
      dependentId: "registry.npmjs.org/ecdsa-sig-formatter/1.0.9"
  136 debug pnpm:progress: 
    status: "resolving"
    pkg: 
      rawSpec: "^5.0.1"
      name: "safe-buffer"
      dependentId: "registry.npmjs.org/ecdsa-sig-formatter/1.0.9"
  137 debug pnpm:progress: 
    status: "resolved"
    pkgId: "registry.npmjs.org/base64url/2.0.0"
    pkg: 
      rawSpec: "^2.0.0"
      name: "base64url"
      dependentId: "registry.npmjs.org/ecdsa-sig-formatter/1.0.9"
  138 debug pnpm:progress: 
    status: "resolved"
    pkgId: "registry.npmjs.org/safe-buffer/5.1.1"
    pkg: 
      rawSpec: "^5.0.1"
      name: "safe-buffer"
      dependentId: "registry.npmjs.org/ecdsa-sig-formatter/1.0.9"
  139 debug pnpm:progress: 
    status: "downloaded_manifest"
    pkgId: "registry.npmjs.org/base64url/2.0.0"
    pkgVersion: "2.0.0"
  140 debug pnpm:progress: 
    status: "downloaded_manifest"
    pkgId: "registry.npmjs.org/safe-buffer/5.1.1"
    pkgVersion: "5.1.1"
  141 debug pnpm:progress: 
    status: "dependencies_installed"
    pkgId: "registry.npmjs.org/base64url/2.0.0"
  142 debug pnpm:progress: 
    status: "dependencies_installed"
    pkgId: "registry.npmjs.org/safe-buffer/5.1.1"
  143 debug pnpm:progress: 
    status: "dependencies_installed"
    pkgId: "registry.npmjs.org/ecdsa-sig-formatter/1.0.9"
  144 debug pnpm:progress: 
    status: "dependencies_installed"
    pkgId: "registry.npmjs.org/jwa/1.1.5"
  145 debug pnpm:progress: 
    status: "dependencies_installed"
    pkgId: "registry.npmjs.org/jws/3.1.4"
  146 debug pnpm:progress: 
    status: "dependencies_installed"
    pkgId: "registry.npmjs.org/jsonwebtoken-refresh/5.7.0"
  147 debug pnpm:stage: "resolution_done"
  148 info pnpm:registry: "attempt registry request try #1 at 11:11:14"
  149 debug pnpm:registry: "http fetch GET https://registry.npmjs.org/buffer-equal-constant-time/-/buffer-equal-constant-time-1.0.1.tgz"
  150 info pnpm:registry: "attempt registry request try #1 at 11:11:14"
  151 debug pnpm:registry: "http fetch GET https://registry.npmjs.org/ecdsa-sig-formatter/-/ecdsa-sig-formatter-1.0.9.tgz"
  152 debug pnpm:registry: "http fetch 200 https://registry.npmjs.org/jsonwebtoken-refresh/-/jsonwebtoken-refresh-5.7.0.tgz"
  153 debug pnpm:progress: 
    status: "fetching_started"
    pkgId: "registry.npmjs.org/jsonwebtoken-refresh/5.7.0"
    size: 23858
    attempt: 1
  154 debug pnpm:progress: 
    status: "fetching_progress"
    pkgId: "registry.npmjs.org/jsonwebtoken-refresh/5.7.0"
    downloaded: 2237
  155 debug pnpm:progress: 
    status: "fetching_progress"
    pkgId: "registry.npmjs.org/jsonwebtoken-refresh/5.7.0"
    downloaded: 4996
  156 debug pnpm:progress: 
    status: "fetching_progress"
    pkgId: "registry.npmjs.org/jsonwebtoken-refresh/5.7.0"
    downloaded: 7755
  157 debug pnpm:progress: 
    status: "fetching_progress"
    pkgId: "registry.npmjs.org/jsonwebtoken-refresh/5.7.0"
    downloaded: 10514
  158 debug pnpm:registry: "http fetch 200 https://registry.npmjs.org/jws/-/jws-3.1.4.tgz"
  159 debug pnpm:progress: 
    status: "fetching_started"
    pkgId: "registry.npmjs.org/jws/3.1.4"
    size: 5910
    attempt: 1
  160 debug pnpm:progress: 
    status: "fetching_progress"
    pkgId: "registry.npmjs.org/jws/3.1.4"
    downloaded: 2238
  161 debug pnpm:progress: 
    status: "fetching_progress"
    pkgId: "registry.npmjs.org/jws/3.1.4"
    downloaded: 4997
  162 debug pnpm:progress: 
    status: "fetching_progress"
    pkgId: "registry.npmjs.org/jws/3.1.4"
    downloaded: 5910
  163 debug pnpm:progress: 
    status: "fetched"
    pkgId: "registry.npmjs.org/jws/3.1.4"
  164 debug pnpm:progress: 
    status: "fetching_progress"
    pkgId: "registry.npmjs.org/jsonwebtoken-refresh/5.7.0"
    downloaded: 13273
  165 debug pnpm:progress: 
    status: "fetching_progress"
    pkgId: "registry.npmjs.org/jsonwebtoken-refresh/5.7.0"
    downloaded: 15862
  166 debug pnpm:progress: 
    status: "fetching_progress"
    pkgId: "registry.npmjs.org/jsonwebtoken-refresh/5.7.0"
    downloaded: 18621
  167 debug pnpm:progress: 
    status: "fetching_progress"
    pkgId: "registry.npmjs.org/jsonwebtoken-refresh/5.7.0"
    downloaded: 21380
  168 debug pnpm:progress: 
    status: "fetching_progress"
    pkgId: "registry.npmjs.org/jsonwebtoken-refresh/5.7.0"
    downloaded: 23858
  169 debug pnpm:registry: "http fetch 200 https://registry.npmjs.org/base64url/-/base64url-2.0.0.tgz"
  170 debug pnpm:progress: 
    status: "fetching_started"
    pkgId: "registry.npmjs.org/base64url/2.0.0"
    size: 21610
    attempt: 1
  171 debug pnpm:progress: 
    status: "fetching_progress"
    pkgId: "registry.npmjs.org/base64url/2.0.0"
    downloaded: 2237
  172 debug pnpm:progress: 
    status: "fetching_progress"
    pkgId: "registry.npmjs.org/base64url/2.0.0"
    downloaded: 4996
  173 debug pnpm:progress: 
    status: "fetching_progress"
    pkgId: "registry.npmjs.org/base64url/2.0.0"
    downloaded: 7755
  174 debug pnpm:progress: 
    status: "fetching_progress"
    pkgId: "registry.npmjs.org/base64url/2.0.0"
    downloaded: 10514
  175 debug pnpm:progress: 
    status: "fetching_progress"
    pkgId: "registry.npmjs.org/base64url/2.0.0"
    downloaded: 13273
  176 debug pnpm:progress: 
    status: "fetching_progress"
    pkgId: "registry.npmjs.org/base64url/2.0.0"
    downloaded: 15862
  177 debug pnpm:registry: "http fetch 200 https://registry.npmjs.org/ms/-/ms-0.7.3.tgz"
  178 debug pnpm:progress: 
    status: "fetching_started"
    pkgId: "registry.npmjs.org/ms/0.7.3"
    size: 2873
    attempt: 1
  179 debug pnpm:progress: 
    status: "fetching_progress"
    pkgId: "registry.npmjs.org/ms/0.7.3"
    downloaded: 2239
  180 debug pnpm:progress: 
    status: "fetching_progress"
    pkgId: "registry.npmjs.org/ms/0.7.3"
    downloaded: 2873
  181 debug pnpm:registry: "http fetch 200 https://registry.npmjs.org/jwa/-/jwa-1.1.5.tgz"
  182 debug pnpm:progress: 
    status: "fetching_started"
    pkgId: "registry.npmjs.org/jwa/1.1.5"
    size: 4103
    attempt: 1
  183 debug pnpm:progress: 
    status: "fetching_progress"
    pkgId: "registry.npmjs.org/jwa/1.1.5"
    downloaded: 2239
  184 debug pnpm:progress: 
    status: "fetching_progress"
    pkgId: "registry.npmjs.org/jwa/1.1.5"
    downloaded: 4103
  185 debug pnpm:progress: 
    status: "fetching_progress"
    pkgId: "registry.npmjs.org/base64url/2.0.0"
    downloaded: 18621
  186 debug pnpm:progress: 
    status: "fetching_progress"
    pkgId: "registry.npmjs.org/base64url/2.0.0"
    downloaded: 21380
  187 debug pnpm:progress: 
    status: "fetching_progress"
    pkgId: "registry.npmjs.org/base64url/2.0.0"
    downloaded: 21610
  188 debug pnpm:registry: "http fetch 200 https://registry.npmjs.org/buffer-equal-constant-time/-/buffer-equal-constant-time-1.0.1.tgz"
  189 debug pnpm:progress: 
    status: "fetching_started"
    pkgId: "registry.npmjs.org/buffer-equal-constant-time/1.0.1"
    size: 3125
    attempt: 1
  190 debug pnpm:progress: 
    status: "fetching_progress"
    pkgId: "registry.npmjs.org/buffer-equal-constant-time/1.0.1"
    downloaded: 2239
  191 debug pnpm:progress: 
    status: "fetching_progress"
    pkgId: "registry.npmjs.org/buffer-equal-constant-time/1.0.1"
    downloaded: 3125
  192 debug pnpm:registry: "http fetch 200 https://registry.npmjs.org/ecdsa-sig-formatter/-/ecdsa-sig-formatter-1.0.9.tgz"
  193 debug pnpm:progress: 
    status: "fetching_started"
    pkgId: "registry.npmjs.org/ecdsa-sig-formatter/1.0.9"
    size: 6857
    attempt: 1
  194 debug pnpm:progress: 
    status: "fetching_progress"
    pkgId: "registry.npmjs.org/ecdsa-sig-formatter/1.0.9"
    downloaded: 2237
  195 debug pnpm:progress: 
    status: "fetching_progress"
    pkgId: "registry.npmjs.org/ecdsa-sig-formatter/1.0.9"
    downloaded: 4996
  196 debug pnpm:progress: 
    status: "fetching_progress"
    pkgId: "registry.npmjs.org/ecdsa-sig-formatter/1.0.9"
    downloaded: 6857
  197 debug pnpm:progress: 
    status: "fetched"
    pkgId: "registry.npmjs.org/ms/0.7.3"
  198 debug pnpm:progress: 
    status: "fetched"
    pkgId: "registry.npmjs.org/ecdsa-sig-formatter/1.0.9"
  199 debug pnpm:progress: 
    status: "fetched"
    pkgId: "registry.npmjs.org/jwa/1.1.5"
  200 debug pnpm:progress: 
    status: "fetched"
    pkgId: "registry.npmjs.org/buffer-equal-constant-time/1.0.1"
  201 info pnpm: "Adding 9 packages to node_modules"
  202 warn pnpm: "EXDEV: cross-device link not permitted, link '/home/mehdi/.pnpm-store/2/registry.npmjs.org/buffer-equal-constant-time/1.0.1/node_modules/buffer-equal-constant-time/package.json' -> '/data/Documents/Projects/Pitto/node_modules/.registry.npmjs.org/buffer-equal-constant-time/1.0.1/node_modules/buffer-equal-constant-time+stage/package.json'"
  203 info pnpm: "Falling back to copying packages from store"
  204 debug pnpm:progress: 
    status: "fetched"
    pkgId: "registry.npmjs.org/base64url/2.0.0"
  205 error pnpm: 
    0: 
      errno: -2
      code: "ENOENT"
      syscall: "mkdir"
      path: "/data/Documents/Projects/Pitto/node_modules/.registry.npmjs.org/base64url/2.0.0/node_modules/base64url"
    message: 
      - 
        errno: -2
        code: "ENOENT"
        syscall: "mkdir"
        path: "/data/Documents/Projects/Pitto/node_modules/.registry.npmjs.org/base64url/2.0.0/node_modules/base64url"
